{
  "RSpec": {
    "coverage": {
      "/Users/wayman/Projects/week2/oystercard/spec/journey_spec.rb": [
        1,
        1,
        null,
        1,
        5,
        null,
        1,
        1,
        1,
        null,
        1,
        1,
        4,
        null,
        1,
        1,
        0,
        null,
        1,
        1,
        1,
        0,
        0,
        null,
        1,
        1,
        0,
        0,
        null,
        null,
        null,
        null,
        1,
        1,
        1,
        0,
        null,
        null,
        null,
        1,
        1,
        null,
        1,
        0,
        0,
        null,
        null,
        null,
        null,
        null
      ],
      "/Users/wayman/Projects/week2/oystercard/lib/oystercard.rb": [
        1,
        1,
        null,
        1,
        null,
        1,
        1,
        1,
        null,
        1,
        1,
        null,
        1,
        7,
        7,
        null,
        null,
        1,
        4,
        4,
        3,
        null,
        null,
        1,
        1,
        null,
        null,
        1,
        2,
        1,
        null,
        null,
        1,
        1,
        1,
        1,
        1,
        null,
        null,
        1,
        null,
        1,
        1,
        null,
        null,
        1,
        1,
        null,
        null
      ],
      "/Users/wayman/Projects/week2/oystercard/lib/journey.rb": [
        1,
        null,
        1,
        null,
        1,
        1,
        null,
        1,
        1,
        null,
        null,
        1,
        1,
        1,
        null,
        null,
        1,
        1,
        null,
        null,
        1,
        0,
        null,
        null,
        null
      ],
      "/Users/wayman/Projects/week2/oystercard/lib/station.rb": [
        1,
        null,
        1,
        1,
        null,
        1,
        2,
        2,
        null,
        null,
        null
      ],
      "/Users/wayman/Projects/week2/oystercard/spec/oystercard_spec.rb": [
        1,
        null,
        1,
        1,
        3,
        2,
        null,
        1,
        1,
        1,
        null,
        1,
        1,
        1,
        null,
        null,
        1,
        1,
        null,
        null,
        1,
        1,
        null,
        null,
        1,
        1,
        1,
        2,
        null,
        null,
        null,
        1,
        1,
        1,
        2,
        null,
        null,
        null,
        1,
        1,
        2,
        null,
        1,
        1,
        1,
        null,
        null,
        null,
        1,
        1,
        1,
        null,
        1,
        1,
        1,
        4,
        null,
        null,
        null,
        null,
        null,
        null
      ],
      "/Users/wayman/Projects/week2/oystercard/spec/station_spec.rb": [
        1,
        null,
        1,
        null,
        3,
        null,
        1,
        1,
        null,
        null,
        1,
        1,
        null,
        null
      ]
    },
    "timestamp": 1541692579
  }
}
