{
  "RSpec": {
    "coverage": {
      "/Users/wayman/Projects/week2/oystercard/spec/oystercard_spec.rb": [
        1,
        null,
        1,
        1,
        7,
        5,
        null,
        1,
        1,
        1,
        null,
        1,
        1,
        1,
        null,
        null,
        1,
        1,
        1,
        2,
        null,
        null,
        1,
        1,
        null,
        null,
        1,
        1,
        null,
        null,
        null,
        1,
        1,
        1,
        2,
        null,
        null,
        null,
        1,
        1,
        6,
        null,
        1,
        1,
        1,
        null,
        null,
        null,
        1,
        1,
        5,
        null,
        1,
        1,
        1,
        1,
        1,
        null,
        1,
        4,
        null,
        1,
        1,
        1,
        null,
        null,
        null,
        1,
        1,
        1,
        1,
        null,
        null,
        null,
        1,
        2,
        null,
        1,
        1,
        1,
        null,
        null,
        null,
        null,
        null,
        null
      ],
      "/Users/wayman/Projects/week2/oystercard/lib/oystercard.rb": [
        1,
        null,
        1,
        1,
        1,
        null,
        1,
        1,
        1,
        1,
        null,
        1,
        11,
        11,
        null,
        null,
        1,
        8,
        8,
        7,
        null,
        null,
        1,
        2,
        null,
        null,
        1,
        6,
        5,
        null,
        null,
        1,
        4,
        4,
        4,
        4,
        null,
        null,
        1,
        null,
        1,
        4,
        null,
        null,
        1,
        4,
        null,
        null
      ],
      "/Users/wayman/Projects/week2/oystercard/spec/station_spec.rb": [
        1,
        null,
        1,
        null,
        3,
        null,
        1,
        1,
        null,
        null,
        1,
        1,
        null,
        null
      ],
      "/Users/wayman/Projects/week2/oystercard/lib/station.rb": [
        1,
        null,
        1,
        2,
        2,
        null,
        null,
        null
      ]
    },
    "timestamp": 1541609752
  }
}
